<?xml version="1.0" encoding="UTF-8"?>
<!-- Generated by org.testng.reporters.JUnitReportReporter -->
<testsuite hostname="swati-Vostro-3558" name="com.demo1.page.demo" tests="1" failures="0" timestamp="13 Mar 2018 11:56:02 GMT" time="0.035" errors="0">
  <testcase name="test" time="0.035" classname="com.demo1.page.demo"/>
</testsuite> <!-- com.demo1.page.demo -->
